|Name|m|n|p|Time/s|
|s_a|1000|9000|-1|0.155000|
|s_b|1000|9000|-1|0.153000|
|s_c|1000|9000|-1|0.153000|
|p_a|1000|9000|1|0.087000|
|p_b|1000|9000|1|0.088000|
|p_c|1000|9000|1|0.085000|
|p_a|1000|9000|2|0.047000|
|p_b|1000|9000|2|0.048000|
|p_c|1000|9000|2|0.047000|
|p_a|1000|9000|3|0.032000|
|p_b|1000|9000|3|0.032000|
|p_c|1000|9000|3|0.032000|
|p_a|1000|9000|4|0.035000|
|p_b|1000|9000|4|0.035000|
|p_c|1000|9000|4|0.030000|
|p_a|1000|9000|5|0.029000|
|p_b|1000|9000|5|0.029000|
|p_c|1000|9000|5|0.027000|
|p_a|1000|9000|6|0.028000|
|p_b|1000|9000|6|0.026000|
|p_c|1000|9000|6|0.027000|
|p_a|1000|9000|7|0.024000|
|p_b|1000|9000|7|0.023000|
|p_c|1000|9000|7|0.024000|
|p_a|1000|9000|8|0.022000|
|p_b|1000|9000|8|0.020000|
|p_c|1000|9000|8|0.022000|
|p_a|1000|9000|9|0.028000|
|p_b|1000|9000|9|0.026000|
|p_c|1000|9000|9|0.044000|
|p_a|1000|9000|10|0.025000|
|p_b|1000|9000|10|0.024000|
|p_c|1000|9000|10|0.042000|
|p_a|1000|9000|11|0.024000|
|p_b|1000|9000|11|0.022000|
|p_c|1000|9000|11|0.048000|
|p_a|1000|9000|12|0.026000|
|p_b|1000|9000|12|0.024000|
|p_c|1000|9000|12|0.052000|
|s_a|2000|8000|-1|0.273000|
|s_b|2000|8000|-1|0.276000|
|s_c|2000|8000|-1|0.273000|
|p_a|2000|8000|1|0.155000|
|p_b|2000|8000|1|0.156000|
|p_c|2000|8000|1|0.152000|
|p_a|2000|8000|2|0.114000|
|p_b|2000|8000|2|0.085000|
|p_c|2000|8000|2|0.086000|
|p_a|2000|8000|3|0.057000|
|p_b|2000|8000|3|0.057000|
|p_c|2000|8000|3|0.057000|
|p_a|2000|8000|4|0.061000|
|p_b|2000|8000|4|0.054000|
|p_c|2000|8000|4|0.047000|
|p_a|2000|8000|5|0.052000|
|p_b|2000|8000|5|0.053000|
|p_c|2000|8000|5|0.050000|
|p_a|2000|8000|6|0.050000|
|p_b|2000|8000|6|0.047000|
|p_c|2000|8000|6|0.048000|
|p_a|2000|8000|7|0.044000|
|p_b|2000|8000|7|0.041000|
|p_c|2000|8000|7|0.043000|
|p_a|2000|8000|8|0.042000|
|p_b|2000|8000|8|0.039000|
|p_c|2000|8000|8|0.039000|
|p_a|2000|8000|9|0.051000|
|p_b|2000|8000|9|0.047000|
|p_c|2000|8000|9|0.072000|
|p_a|2000|8000|10|0.045000|
|p_b|2000|8000|10|0.042000|
|p_c|2000|8000|10|0.075000|
|p_a|2000|8000|11|0.043000|
|p_b|2000|8000|11|0.041000|
|p_c|2000|8000|11|0.092000|
|p_a|2000|8000|12|0.048000|
|p_b|2000|8000|12|0.042000|
|p_c|2000|8000|12|0.093000|
|s_a|3000|7000|-1|0.361000|
|s_b|3000|7000|-1|0.359000|
|s_c|3000|7000|-1|0.361000|
|p_a|3000|7000|1|0.202000|
|p_b|3000|7000|1|0.206000|
|p_c|3000|7000|1|0.198000|
|p_a|3000|7000|2|0.152000|
|p_b|3000|7000|2|0.114000|
|p_c|3000|7000|2|0.112000|
|p_a|3000|7000|3|0.105000|
|p_b|3000|7000|3|0.075000|
|p_c|3000|7000|3|0.075000|
|p_a|3000|7000|4|0.082000|
|p_b|3000|7000|4|0.067000|
|p_c|3000|7000|4|0.060000|
|p_a|3000|7000|5|0.068000|
|p_b|3000|7000|5|0.069000|
|p_c|3000|7000|5|0.066000|
|p_a|3000|7000|6|0.065000|
|p_b|3000|7000|6|0.062000|
|p_c|3000|7000|6|0.064000|
|p_a|3000|7000|7|0.058000|
|p_b|3000|7000|7|0.054000|
|p_c|3000|7000|7|0.057000|
|p_a|3000|7000|8|0.054000|
|p_b|3000|7000|8|0.049000|
|p_c|3000|7000|8|0.052000|
|p_a|3000|7000|9|0.057000|
|p_b|3000|7000|9|0.062000|
|p_c|3000|7000|9|0.109000|
|p_a|3000|7000|10|0.060000|
|p_b|3000|7000|10|0.055000|
|p_c|3000|7000|10|0.104000|
|p_a|3000|7000|11|0.060000|
|p_b|3000|7000|11|0.057000|
|p_c|3000|7000|11|0.132000|
|p_a|3000|7000|12|0.061000|
|p_b|3000|7000|12|0.054000|
|p_c|3000|7000|12|0.147000|
|s_a|4000|6000|-1|0.416000|
|s_b|4000|6000|-1|0.413000|
|s_c|4000|6000|-1|0.411000|
|p_a|4000|6000|1|0.232000|
|p_b|4000|6000|1|0.235000|
|p_c|4000|6000|1|0.230000|
|p_a|4000|6000|2|0.126000|
|p_b|4000|6000|2|0.129000|
|p_c|4000|6000|2|0.132000|
|p_a|4000|6000|3|0.086000|
|p_b|4000|6000|3|0.086000|
|p_c|4000|6000|3|0.087000|
|p_a|4000|6000|4|0.093000|
|p_b|4000|6000|4|0.095000|
|p_c|4000|6000|4|0.083000|
|p_a|4000|6000|5|0.079000|
|p_b|4000|6000|5|0.079000|
|p_c|4000|6000|5|0.076000|
|p_a|4000|6000|6|0.075000|
|p_b|4000|6000|6|0.071000|
|p_c|4000|6000|6|0.076000|
|p_a|4000|6000|7|0.065000|
|p_b|4000|6000|7|0.062000|
|p_c|4000|6000|7|0.066000|
|p_a|4000|6000|8|0.060000|
|p_b|4000|6000|8|0.057000|
|p_c|4000|6000|8|0.065000|
|p_a|4000|6000|9|0.068000|
|p_b|4000|6000|9|0.064000|
|p_c|4000|6000|9|0.128000|
|p_a|4000|6000|10|0.064000|
|p_b|4000|6000|10|0.059000|
|p_c|4000|6000|10|0.140000|
|p_a|4000|6000|11|0.065000|
|p_b|4000|6000|11|0.061000|
|p_c|4000|6000|11|0.154000|
|p_a|4000|6000|12|0.062000|
|p_b|4000|6000|12|0.063000|
|p_c|4000|6000|12|0.159000|
|s_a|5000|5000|-1|0.433000|
|s_b|5000|5000|-1|0.428000|
|s_c|5000|5000|-1|0.430000|
|p_a|5000|5000|1|0.245000|
|p_b|5000|5000|1|0.242000|
|p_c|5000|5000|1|0.240000|
|p_a|5000|5000|2|0.130000|
|p_b|5000|5000|2|0.132000|
|p_c|5000|5000|2|0.133000|
|p_a|5000|5000|3|0.091000|
|p_b|5000|5000|3|0.090000|
|p_c|5000|5000|3|0.090000|
|p_a|5000|5000|4|0.102000|
|p_b|5000|5000|4|0.074000|
|p_c|5000|5000|4|0.075000|
|p_a|5000|5000|5|0.093000|
|p_b|5000|5000|5|0.087000|
|p_c|5000|5000|5|0.088000|
|p_a|5000|5000|6|0.078000|
|p_b|5000|5000|6|0.073000|
|p_c|5000|5000|6|0.080000|
|p_a|5000|5000|7|0.069000|
|p_b|5000|5000|7|0.065000|
|p_c|5000|5000|7|0.070000|
|p_a|5000|5000|8|0.064000|
|p_b|5000|5000|8|0.059000|
|p_c|5000|5000|8|0.065000|
|p_a|5000|5000|9|0.071000|
|p_b|5000|5000|9|0.070000|
|p_c|5000|5000|9|0.141000|
|p_a|5000|5000|10|0.069000|
|p_b|5000|5000|10|0.067000|
|p_c|5000|5000|10|0.151000|
|p_a|5000|5000|11|0.067000|
|p_b|5000|5000|11|0.068000|
|p_c|5000|5000|11|0.176000|
|p_a|5000|5000|12|0.078000|
|p_b|5000|5000|12|0.063000|
|p_c|5000|5000|12|0.193000|
|s_a|6000|4000|-1|0.412000|
|s_b|6000|4000|-1|0.410000|
|s_c|6000|4000|-1|0.411000|
|p_a|6000|4000|1|0.231000|
|p_b|6000|4000|1|0.232000|
|p_c|6000|4000|1|0.229000|
|p_a|6000|4000|2|0.127000|
|p_b|6000|4000|2|0.126000|
|p_c|6000|4000|2|0.129000|
|p_a|6000|4000|3|0.087000|
|p_b|6000|4000|3|0.088000|
|p_c|6000|4000|3|0.089000|
|p_a|6000|4000|4|0.093000|
|p_b|6000|4000|4|0.076000|
|p_c|6000|4000|4|0.070000|
|p_a|6000|4000|5|0.080000|
|p_b|6000|4000|5|0.081000|
|p_c|6000|4000|5|0.087000|
|p_a|6000|4000|6|0.075000|
|p_b|6000|4000|6|0.071000|
|p_c|6000|4000|6|0.077000|
|p_a|6000|4000|7|0.067000|
|p_b|6000|4000|7|0.065000|
|p_c|6000|4000|7|0.079000|
|p_a|6000|4000|8|0.075000|
|p_b|6000|4000|8|0.070000|
|p_c|6000|4000|8|0.084000|
|p_a|6000|4000|9|0.097000|
|p_b|6000|4000|9|0.098000|
|p_c|6000|4000|9|0.217000|
|p_a|6000|4000|10|0.085000|
|p_b|6000|4000|10|0.090000|
|p_c|6000|4000|10|0.243000|
|p_a|6000|4000|11|0.086000|
|p_b|6000|4000|11|0.092000|
|p_c|6000|4000|11|0.275000|
|p_a|6000|4000|12|0.077000|
|p_b|6000|4000|12|0.078000|
|p_c|6000|4000|12|0.271000|
|s_a|7000|3000|-1|0.375000|
|s_b|7000|3000|-1|0.360000|
|s_c|7000|3000|-1|0.360000|
|p_a|7000|3000|1|0.204000|
|p_b|7000|3000|1|0.204000|
|p_c|7000|3000|1|0.203000|
|p_a|7000|3000|2|0.113000|
|p_b|7000|3000|2|0.121000|
|p_c|7000|3000|2|0.130000|
|p_a|7000|3000|3|0.108000|
|p_b|7000|3000|3|0.090000|
|p_c|7000|3000|3|0.097000|
|p_a|7000|3000|4|0.073000|
|p_b|7000|3000|4|0.079000|
|p_c|7000|3000|4|0.089000|
|p_a|7000|3000|5|0.107000|
|p_b|7000|3000|5|0.101000|
|p_c|7000|3000|5|0.106000|
|p_a|7000|3000|6|0.089000|
|p_b|7000|3000|6|0.086000|
|p_c|7000|3000|6|0.092000|
|p_a|7000|3000|7|0.080000|
|p_b|7000|3000|7|0.075000|
|p_c|7000|3000|7|0.084000|
|p_a|7000|3000|8|0.074000|
|p_b|7000|3000|8|0.074000|
|p_c|7000|3000|8|0.084000|
|p_a|7000|3000|9|0.088000|
|p_b|7000|3000|9|0.088000|
|p_c|7000|3000|9|0.214000|
|p_a|7000|3000|10|0.072000|
|p_b|7000|3000|10|0.079000|
|p_c|7000|3000|10|0.245000|
|p_a|7000|3000|11|0.076000|
|p_b|7000|3000|11|0.073000|
|p_c|7000|3000|11|0.282000|
|p_a|7000|3000|12|0.076000|
|p_b|7000|3000|12|0.070000|
|p_c|7000|3000|12|0.285000|
|s_a|8000|2000|-1|0.291000|
|s_b|8000|2000|-1|0.279000|
|s_c|8000|2000|-1|0.274000|
|p_a|8000|2000|1|0.157000|
|p_b|8000|2000|1|0.155000|
|p_c|8000|2000|1|0.154000|
|p_a|8000|2000|2|0.087000|
|p_b|8000|2000|2|0.091000|
|p_c|8000|2000|2|0.096000|
|p_a|8000|2000|3|0.085000|
|p_b|8000|2000|3|0.067000|
|p_c|8000|2000|3|0.073000|
|p_a|8000|2000|4|0.077000|
|p_b|8000|2000|4|0.056000|
|p_c|8000|2000|4|0.062000|
|p_a|8000|2000|5|0.068000|
|p_b|8000|2000|5|0.071000|
|p_c|8000|2000|5|0.072000|
|p_a|8000|2000|6|0.068000|
|p_b|8000|2000|6|0.064000|
|p_c|8000|2000|6|0.073000|
|p_a|8000|2000|7|0.059000|
|p_b|8000|2000|7|0.056000|
|p_c|8000|2000|7|0.067000|
|p_a|8000|2000|8|0.056000|
|p_b|8000|2000|8|0.050000|
|p_c|8000|2000|8|0.068000|
|p_a|8000|2000|9|0.067000|
|p_b|8000|2000|9|0.061000|
|p_c|8000|2000|9|0.209000|
|p_a|8000|2000|10|0.064000|
|p_b|8000|2000|10|0.058000|
|p_c|8000|2000|10|0.244000|
|p_a|8000|2000|11|0.064000|
|p_b|8000|2000|11|0.057000|
|p_c|8000|2000|11|0.282000|
|p_a|8000|2000|12|0.059000|
|p_b|8000|2000|12|0.051000|
|p_c|8000|2000|12|0.283000|
|s_a|9000|1000|-1|0.176000|
|s_b|9000|1000|-1|0.165000|
|s_c|9000|1000|-1|0.159000|
|p_a|9000|1000|1|0.089000|
|p_b|9000|1000|1|0.088000|
|p_c|9000|1000|1|0.087000|
|p_a|9000|1000|2|0.049000|
|p_b|9000|1000|2|0.050000|
|p_c|9000|1000|2|0.055000|
|p_a|9000|1000|3|0.050000|
|p_b|9000|1000|3|0.052000|
|p_c|9000|1000|3|0.053000|
|p_a|9000|1000|4|0.029000|
|p_b|9000|1000|4|0.029000|
|p_c|9000|1000|4|0.035000|
|p_a|9000|1000|5|0.035000|
|p_b|9000|1000|5|0.037000|
|p_c|9000|1000|5|0.041000|
|p_a|9000|1000|6|0.036000|
|p_b|9000|1000|6|0.034000|
|p_c|9000|1000|6|0.044000|
|p_a|9000|1000|7|0.033000|
|p_b|9000|1000|7|0.031000|
|p_c|9000|1000|7|0.041000|
|p_a|9000|1000|8|0.032000|
|p_b|9000|1000|8|0.028000|
|p_c|9000|1000|8|0.041000|
|p_a|9000|1000|9|0.036000|
|p_b|9000|1000|9|0.036000|
|p_c|9000|1000|9|0.191000|
|p_a|9000|1000|10|0.036000|
|p_b|9000|1000|10|0.034000|
|p_c|9000|1000|10|0.240000|
|p_a|9000|1000|11|0.035000|
|p_b|9000|1000|11|0.030000|
|p_c|9000|1000|11|0.261000|
|p_a|9000|1000|12|0.034000|
|p_b|9000|1000|12|0.026000|
|p_c|9000|1000|12|0.283000|
